<?xml version="1.0" encoding="UTF-8"?>
<!-- Generated by org.testng.reporters.JUnitReportReporter -->
<testsuite hostname="HITESH-PC" failures="0" tests="1" name="mercury.newTours.AppTest" time="41.610" errors="0" timestamp="17 Aug. 2019 08:56:23 GMT" skipped="0">
  <testcase classname="mercury.newTours.AppTest" name="bookFlightTest" time="41.610"/>
</testsuite> <!-- mercury.newTours.AppTest -->
