<?xml version="1.0" encoding="UTF-8"?>
<!-- Generated by org.testng.reporters.JUnitReportReporter -->
<testsuite hostname="HITESH-PC" failures="0" tests="1" name="mercury.newTours.ReportFlightBooking" time="42.424" errors="0" timestamp="17 Aug 2019 06:46:23 GMT" skipped="0">
  <testcase classname="mercury.newTours.ReportFlightBooking" name="bookFlightTest" time="42.424"/>
</testsuite> <!-- mercury.newTours.ReportFlightBooking -->
