<?xml version="1.0" encoding="UTF-8"?>
<!-- Generated by org.testng.reporters.JUnitReportReporter -->
<testsuite hostname="HITESH-PC" failures="0" tests="1" name="mercury.newTours.AppTest" time="65.082" errors="0" timestamp="10 Aug. 2019 13:26:56 GMT" skipped="0">
  <testcase classname="mercury.newTours.AppTest" name="bookFlightTest" time="65.082"/>
</testsuite> <!-- mercury.newTours.AppTest -->
